[2023-08-04 01:57:37] local.ERROR: Unable to resolve dependency [Parameter #0 [ <required> $nama ]] in class Closure {"exception":"[object] (Illuminate\\Contracts\\Container\\BindingResolutionException(code: 0): Unable to resolve dependency [Parameter #0 [ <required> $nama ]] in class Closure at C:\\laragon\\www\\lumen_test\\vendor\\illuminate\\container\\BoundMethod.php:188)
[stacktrace]
#0 C:\\laragon\\www\\lumen_test\\vendor\\illuminate\\container\\BoundMethod.php(124): Illuminate\\Container\\BoundMethod::addDependencyForCallParameter(Object(Laravel\\Lumen\\Application), Object(ReflectionParameter), Array, Array)
#1 C:\\laragon\\www\\lumen_test\\vendor\\illuminate\\container\\BoundMethod.php(36): Illuminate\\Container\\BoundMethod::getMethodDependencies(Object(Laravel\\Lumen\\Application), Object(Closure), Array)
#2 C:\\laragon\\www\\lumen_test\\vendor\\illuminate\\container\\Util.php(41): Illuminate\\Container\\BoundMethod::Illuminate\\Container\\{closure}()
#3 C:\\laragon\\www\\lumen_test\\vendor\\illuminate\\container\\BoundMethod.php(81): Illuminate\\Container\\Util::unwrapIfClosure(Object(Closure))
#4 C:\\laragon\\www\\lumen_test\\vendor\\illuminate\\container\\BoundMethod.php(35): Illuminate\\Container\\BoundMethod::callBoundMethod(Object(Laravel\\Lumen\\Application), Object(Closure), Object(Closure))
#5 C:\\laragon\\www\\lumen_test\\vendor\\illuminate\\container\\Container.php(662): Illuminate\\Container\\BoundMethod::call(Object(Laravel\\Lumen\\Application), Object(Closure), Array, NULL)
#6 C:\\laragon\\www\\lumen_test\\vendor\\laravel\\lumen-framework\\src\\Concerns\\RoutesRequests.php(304): Illuminate\\Container\\Container->call(Object(Closure), Array)
#7 C:\\laragon\\www\\lumen_test\\vendor\\laravel\\lumen-framework\\src\\Concerns\\RoutesRequests.php(269): Laravel\\Lumen\\Application->callActionOnArrayBasedRoute(Array)
#8 C:\\laragon\\www\\lumen_test\\vendor\\laravel\\lumen-framework\\src\\Concerns\\RoutesRequests.php(239): Laravel\\Lumen\\Application->handleFoundRoute(Array)
#9 C:\\laragon\\www\\lumen_test\\vendor\\laravel\\lumen-framework\\src\\Concerns\\RoutesRequests.php(174): Laravel\\Lumen\\Application->handleDispatcherResponse(Array)
#10 C:\\laragon\\www\\lumen_test\\vendor\\laravel\\lumen-framework\\src\\Concerns\\RoutesRequests.php(431): Laravel\\Lumen\\Application->Laravel\\Lumen\\Concerns\\{closure}(Object(Laravel\\Lumen\\Http\\Request))
#11 C:\\laragon\\www\\lumen_test\\vendor\\laravel\\lumen-framework\\src\\Concerns\\RoutesRequests.php(167): Laravel\\Lumen\\Application->sendThroughPipeline(Array, Object(Closure))
#12 C:\\laragon\\www\\lumen_test\\vendor\\laravel\\lumen-framework\\src\\Concerns\\RoutesRequests.php(112): Laravel\\Lumen\\Application->dispatch(NULL)
#13 C:\\laragon\\www\\lumen_test\\public\\index.php(28): Laravel\\Lumen\\Application->run()
#14 {main}
"} 
[2023-08-04 01:57:43] local.ERROR: Unable to resolve dependency [Parameter #0 [ <required> $nama ]] in class Closure {"exception":"[object] (Illuminate\\Contracts\\Container\\BindingResolutionException(code: 0): Unable to resolve dependency [Parameter #0 [ <required> $nama ]] in class Closure at C:\\laragon\\www\\lumen_test\\vendor\\illuminate\\container\\BoundMethod.php:188)
[stacktrace]
#0 C:\\laragon\\www\\lumen_test\\vendor\\illuminate\\container\\BoundMethod.php(124): Illuminate\\Container\\BoundMethod::addDependencyForCallParameter(Object(Laravel\\Lumen\\Application), Object(ReflectionParameter), Array, Array)
#1 C:\\laragon\\www\\lumen_test\\vendor\\illuminate\\container\\BoundMethod.php(36): Illuminate\\Container\\BoundMethod::getMethodDependencies(Object(Laravel\\Lumen\\Application), Object(Closure), Array)
#2 C:\\laragon\\www\\lumen_test\\vendor\\illuminate\\container\\Util.php(41): Illuminate\\Container\\BoundMethod::Illuminate\\Container\\{closure}()
#3 C:\\laragon\\www\\lumen_test\\vendor\\illuminate\\container\\BoundMethod.php(81): Illuminate\\Container\\Util::unwrapIfClosure(Object(Closure))
#4 C:\\laragon\\www\\lumen_test\\vendor\\illuminate\\container\\BoundMethod.php(35): Illuminate\\Container\\BoundMethod::callBoundMethod(Object(Laravel\\Lumen\\Application), Object(Closure), Object(Closure))
#5 C:\\laragon\\www\\lumen_test\\vendor\\illuminate\\container\\Container.php(662): Illuminate\\Container\\BoundMethod::call(Object(Laravel\\Lumen\\Application), Object(Closure), Array, NULL)
#6 C:\\laragon\\www\\lumen_test\\vendor\\laravel\\lumen-framework\\src\\Concerns\\RoutesRequests.php(304): Illuminate\\Container\\Container->call(Object(Closure), Array)
#7 C:\\laragon\\www\\lumen_test\\vendor\\laravel\\lumen-framework\\src\\Concerns\\RoutesRequests.php(269): Laravel\\Lumen\\Application->callActionOnArrayBasedRoute(Array)
#8 C:\\laragon\\www\\lumen_test\\vendor\\laravel\\lumen-framework\\src\\Concerns\\RoutesRequests.php(239): Laravel\\Lumen\\Application->handleFoundRoute(Array)
#9 C:\\laragon\\www\\lumen_test\\vendor\\laravel\\lumen-framework\\src\\Concerns\\RoutesRequests.php(174): Laravel\\Lumen\\Application->handleDispatcherResponse(Array)
#10 C:\\laragon\\www\\lumen_test\\vendor\\laravel\\lumen-framework\\src\\Concerns\\RoutesRequests.php(431): Laravel\\Lumen\\Application->Laravel\\Lumen\\Concerns\\{closure}(Object(Laravel\\Lumen\\Http\\Request))
#11 C:\\laragon\\www\\lumen_test\\vendor\\laravel\\lumen-framework\\src\\Concerns\\RoutesRequests.php(167): Laravel\\Lumen\\Application->sendThroughPipeline(Array, Object(Closure))
#12 C:\\laragon\\www\\lumen_test\\vendor\\laravel\\lumen-framework\\src\\Concerns\\RoutesRequests.php(112): Laravel\\Lumen\\Application->dispatch(NULL)
#13 C:\\laragon\\www\\lumen_test\\public\\index.php(28): Laravel\\Lumen\\Application->run()
#14 {main}
"} 
[2023-08-04 07:55:23] local.ERROR: Unclosed '{' on line 9 {"exception":"[object] (ParseError(code: 0): Unclosed '{' on line 9 at C:\\laragon\\www\\lumen_test\\app\\Console\\Kernel.php:31)
[stacktrace]
#0 C:\\laragon\\www\\lumen_test\\vendor\\composer\\ClassLoader.php(427): Composer\\Autoload\\{closure}('C:\\\\laragon\\\\www\\\\...')
#1 [internal function]: Composer\\Autoload\\ClassLoader->loadClass('App\\\\Console\\\\Ker...')
#2 C:\\laragon\\www\\lumen_test\\vendor\\illuminate\\container\\Container.php(912): ReflectionClass->__construct('App\\\\Console\\\\Ker...')
#3 C:\\laragon\\www\\lumen_test\\vendor\\illuminate\\container\\Container.php(795): Illuminate\\Container\\Container->build('App\\\\Console\\\\Ker...')
#4 C:\\laragon\\www\\lumen_test\\vendor\\illuminate\\container\\Container.php(296): Illuminate\\Container\\Container->resolve('App\\\\Console\\\\Ker...', Array, false)
#5 C:\\laragon\\www\\lumen_test\\vendor\\illuminate\\container\\Container.php(908): Illuminate\\Container\\Container->Illuminate\\Container\\{closure}(Object(Laravel\\Lumen\\Application), Array)
#6 C:\\laragon\\www\\lumen_test\\vendor\\illuminate\\container\\Container.php(795): Illuminate\\Container\\Container->build(Object(Closure))
#7 C:\\laragon\\www\\lumen_test\\vendor\\illuminate\\container\\Container.php(731): Illuminate\\Container\\Container->resolve('Illuminate\\\\Cont...', Array)
#8 C:\\laragon\\www\\lumen_test\\vendor\\laravel\\lumen-framework\\src\\Application.php(327): Illuminate\\Container\\Container->make('Illuminate\\\\Cont...', Array)
#9 C:\\laragon\\www\\lumen_test\\artisan(31): Laravel\\Lumen\\Application->make('Illuminate\\\\Cont...')
#10 {main}
"} 
[2023-08-04 07:55:47] local.ERROR: Class "League\Flysystem\UnixVisibility\PortableVisibilityConverter" not found {"exception":"[object] (Error(code: 0): Class \"League\\Flysystem\\UnixVisibility\\PortableVisibilityConverter\" not found at C:\\laragon\\www\\lumen_test\\vendor\\illuminate\\filesystem\\FilesystemManager.php:174)
[stacktrace]
#0 C:\\laragon\\www\\lumen_test\\vendor\\illuminate\\filesystem\\FilesystemManager.php(152): Illuminate\\Filesystem\\FilesystemManager->createLocalDriver(Array)
#1 C:\\laragon\\www\\lumen_test\\vendor\\illuminate\\filesystem\\FilesystemManager.php(120): Illuminate\\Filesystem\\FilesystemManager->resolve('local')
#2 C:\\laragon\\www\\lumen_test\\vendor\\illuminate\\filesystem\\FilesystemManager.php(83): Illuminate\\Filesystem\\FilesystemManager->get('local')
#3 C:\\laragon\\www\\lumen_test\\vendor\\illuminate\\filesystem\\FilesystemManager.php(427): Illuminate\\Filesystem\\FilesystemManager->disk()
#4 C:\\laragon\\www\\lumen_test\\vendor\\illuminate\\support\\Facades\\Facade.php(353): Illuminate\\Filesystem\\FilesystemManager->__call('put', Array)
#5 C:\\laragon\\www\\lumen_test\\app\\Console\\Commands\\DownloadCuaca.php(54): Illuminate\\Support\\Facades\\Facade::__callStatic('put', Array)
#6 C:\\laragon\\www\\lumen_test\\vendor\\illuminate\\container\\BoundMethod.php(36): App\\Console\\Commands\\DownloadCuaca->handle()
#7 C:\\laragon\\www\\lumen_test\\vendor\\illuminate\\container\\Util.php(41): Illuminate\\Container\\BoundMethod::Illuminate\\Container\\{closure}()
#8 C:\\laragon\\www\\lumen_test\\vendor\\illuminate\\container\\BoundMethod.php(93): Illuminate\\Container\\Util::unwrapIfClosure(Object(Closure))
#9 C:\\laragon\\www\\lumen_test\\vendor\\illuminate\\container\\BoundMethod.php(35): Illuminate\\Container\\BoundMethod::callBoundMethod(Object(Laravel\\Lumen\\Application), Array, Object(Closure))
#10 C:\\laragon\\www\\lumen_test\\vendor\\illuminate\\container\\Container.php(662): Illuminate\\Container\\BoundMethod::call(Object(Laravel\\Lumen\\Application), Array, Array, NULL)
#11 C:\\laragon\\www\\lumen_test\\vendor\\illuminate\\console\\Command.php(211): Illuminate\\Container\\Container->call(Array)
#12 C:\\laragon\\www\\lumen_test\\vendor\\symfony\\console\\Command\\Command.php(326): Illuminate\\Console\\Command->execute(Object(Symfony\\Component\\Console\\Input\\ArgvInput), Object(Illuminate\\Console\\OutputStyle))
#13 C:\\laragon\\www\\lumen_test\\vendor\\illuminate\\console\\Command.php(180): Symfony\\Component\\Console\\Command\\Command->run(Object(Symfony\\Component\\Console\\Input\\ArgvInput), Object(Illuminate\\Console\\OutputStyle))
#14 C:\\laragon\\www\\lumen_test\\vendor\\symfony\\console\\Application.php(1063): Illuminate\\Console\\Command->run(Object(Symfony\\Component\\Console\\Input\\ArgvInput), Object(Symfony\\Component\\Console\\Output\\ConsoleOutput))
#15 C:\\laragon\\www\\lumen_test\\vendor\\symfony\\console\\Application.php(320): Symfony\\Component\\Console\\Application->doRunCommand(Object(App\\Console\\Commands\\DownloadCuaca), Object(Symfony\\Component\\Console\\Input\\ArgvInput), Object(Symfony\\Component\\Console\\Output\\ConsoleOutput))
#16 C:\\laragon\\www\\lumen_test\\vendor\\symfony\\console\\Application.php(174): Symfony\\Component\\Console\\Application->doRun(Object(Symfony\\Component\\Console\\Input\\ArgvInput), Object(Symfony\\Component\\Console\\Output\\ConsoleOutput))
#17 C:\\laragon\\www\\lumen_test\\vendor\\laravel\\lumen-framework\\src\\Console\\Kernel.php(116): Symfony\\Component\\Console\\Application->run(Object(Symfony\\Component\\Console\\Input\\ArgvInput), Object(Symfony\\Component\\Console\\Output\\ConsoleOutput))
#18 C:\\laragon\\www\\lumen_test\\artisan(35): Laravel\\Lumen\\Console\\Kernel->handle(Object(Symfony\\Component\\Console\\Input\\ArgvInput), Object(Symfony\\Component\\Console\\Output\\ConsoleOutput))
#19 {main}
"} 
[2023-08-04 08:05:38] local.ERROR: SQLSTATE[42000]: Syntax error or access violation: 3948 Loading local data is disabled; this must be enabled on both the client and server sides (Connection: mysql, SQL: LOAD DATA LOCAL INFILE "C:\laragon\www\lumen_test\storage\app/public/cuaca/aceh.csv" INTO TABLE cuaca fields terminated by ";") {"exception":"[object] (Illuminate\\Database\\QueryException(code: 42000): SQLSTATE[42000]: Syntax error or access violation: 3948 Loading local data is disabled; this must be enabled on both the client and server sides (Connection: mysql, SQL: LOAD DATA LOCAL INFILE \"C:\\laragon\\www\\lumen_test\\storage\\app/public/cuaca/aceh.csv\" INTO TABLE cuaca fields terminated by \";\") at C:\\laragon\\www\\lumen_test\\vendor\\illuminate\\database\\Connection.php:795)
[stacktrace]
#0 C:\\laragon\\www\\lumen_test\\vendor\\illuminate\\database\\Connection.php(755): Illuminate\\Database\\Connection->runQueryCallback('LOAD DATA LOCAL...', Array, Object(Closure))
#1 C:\\laragon\\www\\lumen_test\\vendor\\illuminate\\database\\Connection.php(623): Illuminate\\Database\\Connection->run('LOAD DATA LOCAL...', Array, Object(Closure))
#2 C:\\laragon\\www\\lumen_test\\vendor\\illuminate\\database\\DatabaseManager.php(469): Illuminate\\Database\\Connection->unprepared('LOAD DATA LOCAL...')
#3 C:\\laragon\\www\\lumen_test\\vendor\\illuminate\\support\\Facades\\Facade.php(353): Illuminate\\Database\\DatabaseManager->__call('unprepared', Array)
#4 C:\\laragon\\www\\lumen_test\\app\\Console\\Commands\\DownloadCuaca.php(58): Illuminate\\Support\\Facades\\Facade::__callStatic('unprepared', Array)
#5 C:\\laragon\\www\\lumen_test\\vendor\\illuminate\\container\\BoundMethod.php(36): App\\Console\\Commands\\DownloadCuaca->handle()
#6 C:\\laragon\\www\\lumen_test\\vendor\\illuminate\\container\\Util.php(41): Illuminate\\Container\\BoundMethod::Illuminate\\Container\\{closure}()
#7 C:\\laragon\\www\\lumen_test\\vendor\\illuminate\\container\\BoundMethod.php(93): Illuminate\\Container\\Util::unwrapIfClosure(Object(Closure))
#8 C:\\laragon\\www\\lumen_test\\vendor\\illuminate\\container\\BoundMethod.php(35): Illuminate\\Container\\BoundMethod::callBoundMethod(Object(Laravel\\Lumen\\Application), Array, Object(Closure))
#9 C:\\laragon\\www\\lumen_test\\vendor\\illuminate\\container\\Container.php(662): Illuminate\\Container\\BoundMethod::call(Object(Laravel\\Lumen\\Application), Array, Array, NULL)
#10 C:\\laragon\\www\\lumen_test\\vendor\\illuminate\\console\\Command.php(211): Illuminate\\Container\\Container->call(Array)
#11 C:\\laragon\\www\\lumen_test\\vendor\\symfony\\console\\Command\\Command.php(326): Illuminate\\Console\\Command->execute(Object(Symfony\\Component\\Console\\Input\\ArgvInput), Object(Illuminate\\Console\\OutputStyle))
#12 C:\\laragon\\www\\lumen_test\\vendor\\illuminate\\console\\Command.php(180): Symfony\\Component\\Console\\Command\\Command->run(Object(Symfony\\Component\\Console\\Input\\ArgvInput), Object(Illuminate\\Console\\OutputStyle))
#13 C:\\laragon\\www\\lumen_test\\vendor\\symfony\\console\\Application.php(1063): Illuminate\\Console\\Command->run(Object(Symfony\\Component\\Console\\Input\\ArgvInput), Object(Symfony\\Component\\Console\\Output\\ConsoleOutput))
#14 C:\\laragon\\www\\lumen_test\\vendor\\symfony\\console\\Application.php(320): Symfony\\Component\\Console\\Application->doRunCommand(Object(App\\Console\\Commands\\DownloadCuaca), Object(Symfony\\Component\\Console\\Input\\ArgvInput), Object(Symfony\\Component\\Console\\Output\\ConsoleOutput))
#15 C:\\laragon\\www\\lumen_test\\vendor\\symfony\\console\\Application.php(174): Symfony\\Component\\Console\\Application->doRun(Object(Symfony\\Component\\Console\\Input\\ArgvInput), Object(Symfony\\Component\\Console\\Output\\ConsoleOutput))
#16 C:\\laragon\\www\\lumen_test\\vendor\\laravel\\lumen-framework\\src\\Console\\Kernel.php(116): Symfony\\Component\\Console\\Application->run(Object(Symfony\\Component\\Console\\Input\\ArgvInput), Object(Symfony\\Component\\Console\\Output\\ConsoleOutput))
#17 C:\\laragon\\www\\lumen_test\\artisan(35): Laravel\\Lumen\\Console\\Kernel->handle(Object(Symfony\\Component\\Console\\Input\\ArgvInput), Object(Symfony\\Component\\Console\\Output\\ConsoleOutput))
#18 {main}

[previous exception] [object] (PDOException(code: 42000): SQLSTATE[42000]: Syntax error or access violation: 3948 Loading local data is disabled; this must be enabled on both the client and server sides at C:\\laragon\\www\\lumen_test\\vendor\\illuminate\\database\\Connection.php:629)
[stacktrace]
#0 C:\\laragon\\www\\lumen_test\\vendor\\illuminate\\database\\Connection.php(629): PDO->exec('LOAD DATA LOCAL...')
#1 C:\\laragon\\www\\lumen_test\\vendor\\illuminate\\database\\Connection.php(788): Illuminate\\Database\\Connection->Illuminate\\Database\\{closure}('LOAD DATA LOCAL...', Array)
#2 C:\\laragon\\www\\lumen_test\\vendor\\illuminate\\database\\Connection.php(755): Illuminate\\Database\\Connection->runQueryCallback('LOAD DATA LOCAL...', Array, Object(Closure))
#3 C:\\laragon\\www\\lumen_test\\vendor\\illuminate\\database\\Connection.php(623): Illuminate\\Database\\Connection->run('LOAD DATA LOCAL...', Array, Object(Closure))
#4 C:\\laragon\\www\\lumen_test\\vendor\\illuminate\\database\\DatabaseManager.php(469): Illuminate\\Database\\Connection->unprepared('LOAD DATA LOCAL...')
#5 C:\\laragon\\www\\lumen_test\\vendor\\illuminate\\support\\Facades\\Facade.php(353): Illuminate\\Database\\DatabaseManager->__call('unprepared', Array)
#6 C:\\laragon\\www\\lumen_test\\app\\Console\\Commands\\DownloadCuaca.php(58): Illuminate\\Support\\Facades\\Facade::__callStatic('unprepared', Array)
#7 C:\\laragon\\www\\lumen_test\\vendor\\illuminate\\container\\BoundMethod.php(36): App\\Console\\Commands\\DownloadCuaca->handle()
#8 C:\\laragon\\www\\lumen_test\\vendor\\illuminate\\container\\Util.php(41): Illuminate\\Container\\BoundMethod::Illuminate\\Container\\{closure}()
#9 C:\\laragon\\www\\lumen_test\\vendor\\illuminate\\container\\BoundMethod.php(93): Illuminate\\Container\\Util::unwrapIfClosure(Object(Closure))
#10 C:\\laragon\\www\\lumen_test\\vendor\\illuminate\\container\\BoundMethod.php(35): Illuminate\\Container\\BoundMethod::callBoundMethod(Object(Laravel\\Lumen\\Application), Array, Object(Closure))
#11 C:\\laragon\\www\\lumen_test\\vendor\\illuminate\\container\\Container.php(662): Illuminate\\Container\\BoundMethod::call(Object(Laravel\\Lumen\\Application), Array, Array, NULL)
#12 C:\\laragon\\www\\lumen_test\\vendor\\illuminate\\console\\Command.php(211): Illuminate\\Container\\Container->call(Array)
#13 C:\\laragon\\www\\lumen_test\\vendor\\symfony\\console\\Command\\Command.php(326): Illuminate\\Console\\Command->execute(Object(Symfony\\Component\\Console\\Input\\ArgvInput), Object(Illuminate\\Console\\OutputStyle))
#14 C:\\laragon\\www\\lumen_test\\vendor\\illuminate\\console\\Command.php(180): Symfony\\Component\\Console\\Command\\Command->run(Object(Symfony\\Component\\Console\\Input\\ArgvInput), Object(Illuminate\\Console\\OutputStyle))
#15 C:\\laragon\\www\\lumen_test\\vendor\\symfony\\console\\Application.php(1063): Illuminate\\Console\\Command->run(Object(Symfony\\Component\\Console\\Input\\ArgvInput), Object(Symfony\\Component\\Console\\Output\\ConsoleOutput))
#16 C:\\laragon\\www\\lumen_test\\vendor\\symfony\\console\\Application.php(320): Symfony\\Component\\Console\\Application->doRunCommand(Object(App\\Console\\Commands\\DownloadCuaca), Object(Symfony\\Component\\Console\\Input\\ArgvInput), Object(Symfony\\Component\\Console\\Output\\ConsoleOutput))
#17 C:\\laragon\\www\\lumen_test\\vendor\\symfony\\console\\Application.php(174): Symfony\\Component\\Console\\Application->doRun(Object(Symfony\\Component\\Console\\Input\\ArgvInput), Object(Symfony\\Component\\Console\\Output\\ConsoleOutput))
#18 C:\\laragon\\www\\lumen_test\\vendor\\laravel\\lumen-framework\\src\\Console\\Kernel.php(116): Symfony\\Component\\Console\\Application->run(Object(Symfony\\Component\\Console\\Input\\ArgvInput), Object(Symfony\\Component\\Console\\Output\\ConsoleOutput))
#19 C:\\laragon\\www\\lumen_test\\artisan(35): Laravel\\Lumen\\Console\\Kernel->handle(Object(Symfony\\Component\\Console\\Input\\ArgvInput), Object(Symfony\\Component\\Console\\Output\\ConsoleOutput))
#20 {main}
"} 
[2023-08-04 08:18:03] local.ERROR: SQLSTATE[42000]: Syntax error or access violation: 3948 Loading local data is disabled; this must be enabled on both the client and server sides (Connection: mysql, SQL: LOAD DATA LOCAL INFILE "C:\laragon\www\lumen_test\storage\app/public/cuaca/aceh.csv" INTO TABLE cuaca fields terminated by ";") {"exception":"[object] (Illuminate\\Database\\QueryException(code: 42000): SQLSTATE[42000]: Syntax error or access violation: 3948 Loading local data is disabled; this must be enabled on both the client and server sides (Connection: mysql, SQL: LOAD DATA LOCAL INFILE \"C:\\laragon\\www\\lumen_test\\storage\\app/public/cuaca/aceh.csv\" INTO TABLE cuaca fields terminated by \";\") at C:\\laragon\\www\\lumen_test\\vendor\\illuminate\\database\\Connection.php:795)
[stacktrace]
#0 C:\\laragon\\www\\lumen_test\\vendor\\illuminate\\database\\Connection.php(755): Illuminate\\Database\\Connection->runQueryCallback('LOAD DATA LOCAL...', Array, Object(Closure))
#1 C:\\laragon\\www\\lumen_test\\vendor\\illuminate\\database\\Connection.php(623): Illuminate\\Database\\Connection->run('LOAD DATA LOCAL...', Array, Object(Closure))
#2 C:\\laragon\\www\\lumen_test\\vendor\\illuminate\\database\\DatabaseManager.php(469): Illuminate\\Database\\Connection->unprepared('LOAD DATA LOCAL...')
#3 C:\\laragon\\www\\lumen_test\\vendor\\illuminate\\support\\Facades\\Facade.php(353): Illuminate\\Database\\DatabaseManager->__call('unprepared', Array)
#4 C:\\laragon\\www\\lumen_test\\app\\Console\\Commands\\DownloadCuaca.php(58): Illuminate\\Support\\Facades\\Facade::__callStatic('unprepared', Array)
#5 C:\\laragon\\www\\lumen_test\\vendor\\illuminate\\container\\BoundMethod.php(36): App\\Console\\Commands\\DownloadCuaca->handle()
#6 C:\\laragon\\www\\lumen_test\\vendor\\illuminate\\container\\Util.php(41): Illuminate\\Container\\BoundMethod::Illuminate\\Container\\{closure}()
#7 C:\\laragon\\www\\lumen_test\\vendor\\illuminate\\container\\BoundMethod.php(93): Illuminate\\Container\\Util::unwrapIfClosure(Object(Closure))
#8 C:\\laragon\\www\\lumen_test\\vendor\\illuminate\\container\\BoundMethod.php(35): Illuminate\\Container\\BoundMethod::callBoundMethod(Object(Laravel\\Lumen\\Application), Array, Object(Closure))
#9 C:\\laragon\\www\\lumen_test\\vendor\\illuminate\\container\\Container.php(662): Illuminate\\Container\\BoundMethod::call(Object(Laravel\\Lumen\\Application), Array, Array, NULL)
#10 C:\\laragon\\www\\lumen_test\\vendor\\illuminate\\console\\Command.php(211): Illuminate\\Container\\Container->call(Array)
#11 C:\\laragon\\www\\lumen_test\\vendor\\symfony\\console\\Command\\Command.php(326): Illuminate\\Console\\Command->execute(Object(Symfony\\Component\\Console\\Input\\ArgvInput), Object(Illuminate\\Console\\OutputStyle))
#12 C:\\laragon\\www\\lumen_test\\vendor\\illuminate\\console\\Command.php(180): Symfony\\Component\\Console\\Command\\Command->run(Object(Symfony\\Component\\Console\\Input\\ArgvInput), Object(Illuminate\\Console\\OutputStyle))
#13 C:\\laragon\\www\\lumen_test\\vendor\\symfony\\console\\Application.php(1063): Illuminate\\Console\\Command->run(Object(Symfony\\Component\\Console\\Input\\ArgvInput), Object(Symfony\\Component\\Console\\Output\\ConsoleOutput))
#14 C:\\laragon\\www\\lumen_test\\vendor\\symfony\\console\\Application.php(320): Symfony\\Component\\Console\\Application->doRunCommand(Object(App\\Console\\Commands\\DownloadCuaca), Object(Symfony\\Component\\Console\\Input\\ArgvInput), Object(Symfony\\Component\\Console\\Output\\ConsoleOutput))
#15 C:\\laragon\\www\\lumen_test\\vendor\\symfony\\console\\Application.php(174): Symfony\\Component\\Console\\Application->doRun(Object(Symfony\\Component\\Console\\Input\\ArgvInput), Object(Symfony\\Component\\Console\\Output\\ConsoleOutput))
#16 C:\\laragon\\www\\lumen_test\\vendor\\laravel\\lumen-framework\\src\\Console\\Kernel.php(116): Symfony\\Component\\Console\\Application->run(Object(Symfony\\Component\\Console\\Input\\ArgvInput), Object(Symfony\\Component\\Console\\Output\\ConsoleOutput))
#17 C:\\laragon\\www\\lumen_test\\artisan(35): Laravel\\Lumen\\Console\\Kernel->handle(Object(Symfony\\Component\\Console\\Input\\ArgvInput), Object(Symfony\\Component\\Console\\Output\\ConsoleOutput))
#18 {main}

[previous exception] [object] (PDOException(code: 42000): SQLSTATE[42000]: Syntax error or access violation: 3948 Loading local data is disabled; this must be enabled on both the client and server sides at C:\\laragon\\www\\lumen_test\\vendor\\illuminate\\database\\Connection.php:629)
[stacktrace]
#0 C:\\laragon\\www\\lumen_test\\vendor\\illuminate\\database\\Connection.php(629): PDO->exec('LOAD DATA LOCAL...')
#1 C:\\laragon\\www\\lumen_test\\vendor\\illuminate\\database\\Connection.php(788): Illuminate\\Database\\Connection->Illuminate\\Database\\{closure}('LOAD DATA LOCAL...', Array)
#2 C:\\laragon\\www\\lumen_test\\vendor\\illuminate\\database\\Connection.php(755): Illuminate\\Database\\Connection->runQueryCallback('LOAD DATA LOCAL...', Array, Object(Closure))
#3 C:\\laragon\\www\\lumen_test\\vendor\\illuminate\\database\\Connection.php(623): Illuminate\\Database\\Connection->run('LOAD DATA LOCAL...', Array, Object(Closure))
#4 C:\\laragon\\www\\lumen_test\\vendor\\illuminate\\database\\DatabaseManager.php(469): Illuminate\\Database\\Connection->unprepared('LOAD DATA LOCAL...')
#5 C:\\laragon\\www\\lumen_test\\vendor\\illuminate\\support\\Facades\\Facade.php(353): Illuminate\\Database\\DatabaseManager->__call('unprepared', Array)
#6 C:\\laragon\\www\\lumen_test\\app\\Console\\Commands\\DownloadCuaca.php(58): Illuminate\\Support\\Facades\\Facade::__callStatic('unprepared', Array)
#7 C:\\laragon\\www\\lumen_test\\vendor\\illuminate\\container\\BoundMethod.php(36): App\\Console\\Commands\\DownloadCuaca->handle()
#8 C:\\laragon\\www\\lumen_test\\vendor\\illuminate\\container\\Util.php(41): Illuminate\\Container\\BoundMethod::Illuminate\\Container\\{closure}()
#9 C:\\laragon\\www\\lumen_test\\vendor\\illuminate\\container\\BoundMethod.php(93): Illuminate\\Container\\Util::unwrapIfClosure(Object(Closure))
#10 C:\\laragon\\www\\lumen_test\\vendor\\illuminate\\container\\BoundMethod.php(35): Illuminate\\Container\\BoundMethod::callBoundMethod(Object(Laravel\\Lumen\\Application), Array, Object(Closure))
#11 C:\\laragon\\www\\lumen_test\\vendor\\illuminate\\container\\Container.php(662): Illuminate\\Container\\BoundMethod::call(Object(Laravel\\Lumen\\Application), Array, Array, NULL)
#12 C:\\laragon\\www\\lumen_test\\vendor\\illuminate\\console\\Command.php(211): Illuminate\\Container\\Container->call(Array)
#13 C:\\laragon\\www\\lumen_test\\vendor\\symfony\\console\\Command\\Command.php(326): Illuminate\\Console\\Command->execute(Object(Symfony\\Component\\Console\\Input\\ArgvInput), Object(Illuminate\\Console\\OutputStyle))
#14 C:\\laragon\\www\\lumen_test\\vendor\\illuminate\\console\\Command.php(180): Symfony\\Component\\Console\\Command\\Command->run(Object(Symfony\\Component\\Console\\Input\\ArgvInput), Object(Illuminate\\Console\\OutputStyle))
#15 C:\\laragon\\www\\lumen_test\\vendor\\symfony\\console\\Application.php(1063): Illuminate\\Console\\Command->run(Object(Symfony\\Component\\Console\\Input\\ArgvInput), Object(Symfony\\Component\\Console\\Output\\ConsoleOutput))
#16 C:\\laragon\\www\\lumen_test\\vendor\\symfony\\console\\Application.php(320): Symfony\\Component\\Console\\Application->doRunCommand(Object(App\\Console\\Commands\\DownloadCuaca), Object(Symfony\\Component\\Console\\Input\\ArgvInput), Object(Symfony\\Component\\Console\\Output\\ConsoleOutput))
#17 C:\\laragon\\www\\lumen_test\\vendor\\symfony\\console\\Application.php(174): Symfony\\Component\\Console\\Application->doRun(Object(Symfony\\Component\\Console\\Input\\ArgvInput), Object(Symfony\\Component\\Console\\Output\\ConsoleOutput))
#18 C:\\laragon\\www\\lumen_test\\vendor\\laravel\\lumen-framework\\src\\Console\\Kernel.php(116): Symfony\\Component\\Console\\Application->run(Object(Symfony\\Component\\Console\\Input\\ArgvInput), Object(Symfony\\Component\\Console\\Output\\ConsoleOutput))
#19 C:\\laragon\\www\\lumen_test\\artisan(35): Laravel\\Lumen\\Console\\Kernel->handle(Object(Symfony\\Component\\Console\\Input\\ArgvInput), Object(Symfony\\Component\\Console\\Output\\ConsoleOutput))
#20 {main}
"} 
[2023-08-04 08:50:23] local.ERROR: SQLSTATE[HY000]: General error: 7890 Can't find file 'C:laragonwwwlumen_teststorageapp/public/cuaca/aceh.csv'. (Connection: mysql, SQL: LOAD DATA LOCAL INFILE "C:\laragon\www\lumen_test\storage\app/public/cuaca/aceh.csv" INTO TABLE cuaca fields terminated by ";") {"exception":"[object] (Illuminate\\Database\\QueryException(code: HY000): SQLSTATE[HY000]: General error: 7890 Can't find file 'C:laragonwwwlumen_teststorageapp/public/cuaca/aceh.csv'. (Connection: mysql, SQL: LOAD DATA LOCAL INFILE \"C:\\laragon\\www\\lumen_test\\storage\\app/public/cuaca/aceh.csv\" INTO TABLE cuaca fields terminated by \";\") at C:\\laragon\\www\\lumen_test\\vendor\\illuminate\\database\\Connection.php:795)
[stacktrace]
#0 C:\\laragon\\www\\lumen_test\\vendor\\illuminate\\database\\Connection.php(755): Illuminate\\Database\\Connection->runQueryCallback('LOAD DATA LOCAL...', Array, Object(Closure))
#1 C:\\laragon\\www\\lumen_test\\vendor\\illuminate\\database\\Connection.php(623): Illuminate\\Database\\Connection->run('LOAD DATA LOCAL...', Array, Object(Closure))
#2 C:\\laragon\\www\\lumen_test\\vendor\\illuminate\\database\\DatabaseManager.php(469): Illuminate\\Database\\Connection->unprepared('LOAD DATA LOCAL...')
#3 C:\\laragon\\www\\lumen_test\\vendor\\illuminate\\support\\Facades\\Facade.php(353): Illuminate\\Database\\DatabaseManager->__call('unprepared', Array)
#4 C:\\laragon\\www\\lumen_test\\app\\Console\\Commands\\DownloadCuaca.php(58): Illuminate\\Support\\Facades\\Facade::__callStatic('unprepared', Array)
#5 C:\\laragon\\www\\lumen_test\\vendor\\illuminate\\container\\BoundMethod.php(36): App\\Console\\Commands\\DownloadCuaca->handle()
#6 C:\\laragon\\www\\lumen_test\\vendor\\illuminate\\container\\Util.php(41): Illuminate\\Container\\BoundMethod::Illuminate\\Container\\{closure}()
#7 C:\\laragon\\www\\lumen_test\\vendor\\illuminate\\container\\BoundMethod.php(93): Illuminate\\Container\\Util::unwrapIfClosure(Object(Closure))
#8 C:\\laragon\\www\\lumen_test\\vendor\\illuminate\\container\\BoundMethod.php(35): Illuminate\\Container\\BoundMethod::callBoundMethod(Object(Laravel\\Lumen\\Application), Array, Object(Closure))
#9 C:\\laragon\\www\\lumen_test\\vendor\\illuminate\\container\\Container.php(662): Illuminate\\Container\\BoundMethod::call(Object(Laravel\\Lumen\\Application), Array, Array, NULL)
#10 C:\\laragon\\www\\lumen_test\\vendor\\illuminate\\console\\Command.php(211): Illuminate\\Container\\Container->call(Array)
#11 C:\\laragon\\www\\lumen_test\\vendor\\symfony\\console\\Command\\Command.php(326): Illuminate\\Console\\Command->execute(Object(Symfony\\Component\\Console\\Input\\ArgvInput), Object(Illuminate\\Console\\OutputStyle))
#12 C:\\laragon\\www\\lumen_test\\vendor\\illuminate\\console\\Command.php(180): Symfony\\Component\\Console\\Command\\Command->run(Object(Symfony\\Component\\Console\\Input\\ArgvInput), Object(Illuminate\\Console\\OutputStyle))
#13 C:\\laragon\\www\\lumen_test\\vendor\\symfony\\console\\Application.php(1063): Illuminate\\Console\\Command->run(Object(Symfony\\Component\\Console\\Input\\ArgvInput), Object(Symfony\\Component\\Console\\Output\\ConsoleOutput))
#14 C:\\laragon\\www\\lumen_test\\vendor\\symfony\\console\\Application.php(320): Symfony\\Component\\Console\\Application->doRunCommand(Object(App\\Console\\Commands\\DownloadCuaca), Object(Symfony\\Component\\Console\\Input\\ArgvInput), Object(Symfony\\Component\\Console\\Output\\ConsoleOutput))
#15 C:\\laragon\\www\\lumen_test\\vendor\\symfony\\console\\Application.php(174): Symfony\\Component\\Console\\Application->doRun(Object(Symfony\\Component\\Console\\Input\\ArgvInput), Object(Symfony\\Component\\Console\\Output\\ConsoleOutput))
#16 C:\\laragon\\www\\lumen_test\\vendor\\laravel\\lumen-framework\\src\\Console\\Kernel.php(116): Symfony\\Component\\Console\\Application->run(Object(Symfony\\Component\\Console\\Input\\ArgvInput), Object(Symfony\\Component\\Console\\Output\\ConsoleOutput))
#17 C:\\laragon\\www\\lumen_test\\artisan(35): Laravel\\Lumen\\Console\\Kernel->handle(Object(Symfony\\Component\\Console\\Input\\ArgvInput), Object(Symfony\\Component\\Console\\Output\\ConsoleOutput))
#18 {main}

[previous exception] [object] (PDOException(code: HY000): SQLSTATE[HY000]: General error: 7890 Can't find file 'C:laragonwwwlumen_teststorageapp/public/cuaca/aceh.csv'. at C:\\laragon\\www\\lumen_test\\vendor\\illuminate\\database\\Connection.php:629)
[stacktrace]
#0 C:\\laragon\\www\\lumen_test\\vendor\\illuminate\\database\\Connection.php(629): PDO->exec('LOAD DATA LOCAL...')
#1 C:\\laragon\\www\\lumen_test\\vendor\\illuminate\\database\\Connection.php(788): Illuminate\\Database\\Connection->Illuminate\\Database\\{closure}('LOAD DATA LOCAL...', Array)
#2 C:\\laragon\\www\\lumen_test\\vendor\\illuminate\\database\\Connection.php(755): Illuminate\\Database\\Connection->runQueryCallback('LOAD DATA LOCAL...', Array, Object(Closure))
#3 C:\\laragon\\www\\lumen_test\\vendor\\illuminate\\database\\Connection.php(623): Illuminate\\Database\\Connection->run('LOAD DATA LOCAL...', Array, Object(Closure))
#4 C:\\laragon\\www\\lumen_test\\vendor\\illuminate\\database\\DatabaseManager.php(469): Illuminate\\Database\\Connection->unprepared('LOAD DATA LOCAL...')
#5 C:\\laragon\\www\\lumen_test\\vendor\\illuminate\\support\\Facades\\Facade.php(353): Illuminate\\Database\\DatabaseManager->__call('unprepared', Array)
#6 C:\\laragon\\www\\lumen_test\\app\\Console\\Commands\\DownloadCuaca.php(58): Illuminate\\Support\\Facades\\Facade::__callStatic('unprepared', Array)
#7 C:\\laragon\\www\\lumen_test\\vendor\\illuminate\\container\\BoundMethod.php(36): App\\Console\\Commands\\DownloadCuaca->handle()
#8 C:\\laragon\\www\\lumen_test\\vendor\\illuminate\\container\\Util.php(41): Illuminate\\Container\\BoundMethod::Illuminate\\Container\\{closure}()
#9 C:\\laragon\\www\\lumen_test\\vendor\\illuminate\\container\\BoundMethod.php(93): Illuminate\\Container\\Util::unwrapIfClosure(Object(Closure))
#10 C:\\laragon\\www\\lumen_test\\vendor\\illuminate\\container\\BoundMethod.php(35): Illuminate\\Container\\BoundMethod::callBoundMethod(Object(Laravel\\Lumen\\Application), Array, Object(Closure))
#11 C:\\laragon\\www\\lumen_test\\vendor\\illuminate\\container\\Container.php(662): Illuminate\\Container\\BoundMethod::call(Object(Laravel\\Lumen\\Application), Array, Array, NULL)
#12 C:\\laragon\\www\\lumen_test\\vendor\\illuminate\\console\\Command.php(211): Illuminate\\Container\\Container->call(Array)
#13 C:\\laragon\\www\\lumen_test\\vendor\\symfony\\console\\Command\\Command.php(326): Illuminate\\Console\\Command->execute(Object(Symfony\\Component\\Console\\Input\\ArgvInput), Object(Illuminate\\Console\\OutputStyle))
#14 C:\\laragon\\www\\lumen_test\\vendor\\illuminate\\console\\Command.php(180): Symfony\\Component\\Console\\Command\\Command->run(Object(Symfony\\Component\\Console\\Input\\ArgvInput), Object(Illuminate\\Console\\OutputStyle))
#15 C:\\laragon\\www\\lumen_test\\vendor\\symfony\\console\\Application.php(1063): Illuminate\\Console\\Command->run(Object(Symfony\\Component\\Console\\Input\\ArgvInput), Object(Symfony\\Component\\Console\\Output\\ConsoleOutput))
#16 C:\\laragon\\www\\lumen_test\\vendor\\symfony\\console\\Application.php(320): Symfony\\Component\\Console\\Application->doRunCommand(Object(App\\Console\\Commands\\DownloadCuaca), Object(Symfony\\Component\\Console\\Input\\ArgvInput), Object(Symfony\\Component\\Console\\Output\\ConsoleOutput))
#17 C:\\laragon\\www\\lumen_test\\vendor\\symfony\\console\\Application.php(174): Symfony\\Component\\Console\\Application->doRun(Object(Symfony\\Component\\Console\\Input\\ArgvInput), Object(Symfony\\Component\\Console\\Output\\ConsoleOutput))
#18 C:\\laragon\\www\\lumen_test\\vendor\\laravel\\lumen-framework\\src\\Console\\Kernel.php(116): Symfony\\Component\\Console\\Application->run(Object(Symfony\\Component\\Console\\Input\\ArgvInput), Object(Symfony\\Component\\Console\\Output\\ConsoleOutput))
#19 C:\\laragon\\www\\lumen_test\\artisan(35): Laravel\\Lumen\\Console\\Kernel->handle(Object(Symfony\\Component\\Console\\Input\\ArgvInput), Object(Symfony\\Component\\Console\\Output\\ConsoleOutput))
#20 {main}
"} 
[2023-08-04 08:52:10] local.ERROR: SQLSTATE[HY000]: General error: 7890 Can't find file 'C:laragonwwwlumen_teststorageapp/public/cuaca/aceh.csv'. (Connection: mysql, SQL: LOAD DATA LOCAL INFILE "C:\laragon\www\lumen_test\storage\app/public/cuaca/aceh.csv" INTO TABLE cuaca fields terminated by ";") {"exception":"[object] (Illuminate\\Database\\QueryException(code: HY000): SQLSTATE[HY000]: General error: 7890 Can't find file 'C:laragonwwwlumen_teststorageapp/public/cuaca/aceh.csv'. (Connection: mysql, SQL: LOAD DATA LOCAL INFILE \"C:\\laragon\\www\\lumen_test\\storage\\app/public/cuaca/aceh.csv\" INTO TABLE cuaca fields terminated by \";\") at C:\\laragon\\www\\lumen_test\\vendor\\illuminate\\database\\Connection.php:795)
[stacktrace]
#0 C:\\laragon\\www\\lumen_test\\vendor\\illuminate\\database\\Connection.php(755): Illuminate\\Database\\Connection->runQueryCallback('LOAD DATA LOCAL...', Array, Object(Closure))
#1 C:\\laragon\\www\\lumen_test\\vendor\\illuminate\\database\\Connection.php(623): Illuminate\\Database\\Connection->run('LOAD DATA LOCAL...', Array, Object(Closure))
#2 C:\\laragon\\www\\lumen_test\\vendor\\illuminate\\database\\DatabaseManager.php(469): Illuminate\\Database\\Connection->unprepared('LOAD DATA LOCAL...')
#3 C:\\laragon\\www\\lumen_test\\vendor\\illuminate\\support\\Facades\\Facade.php(353): Illuminate\\Database\\DatabaseManager->__call('unprepared', Array)
#4 C:\\laragon\\www\\lumen_test\\app\\Console\\Commands\\DownloadCuaca.php(58): Illuminate\\Support\\Facades\\Facade::__callStatic('unprepared', Array)
#5 C:\\laragon\\www\\lumen_test\\vendor\\illuminate\\container\\BoundMethod.php(36): App\\Console\\Commands\\DownloadCuaca->handle()
#6 C:\\laragon\\www\\lumen_test\\vendor\\illuminate\\container\\Util.php(41): Illuminate\\Container\\BoundMethod::Illuminate\\Container\\{closure}()
#7 C:\\laragon\\www\\lumen_test\\vendor\\illuminate\\container\\BoundMethod.php(93): Illuminate\\Container\\Util::unwrapIfClosure(Object(Closure))
#8 C:\\laragon\\www\\lumen_test\\vendor\\illuminate\\container\\BoundMethod.php(35): Illuminate\\Container\\BoundMethod::callBoundMethod(Object(Laravel\\Lumen\\Application), Array, Object(Closure))
#9 C:\\laragon\\www\\lumen_test\\vendor\\illuminate\\container\\Container.php(662): Illuminate\\Container\\BoundMethod::call(Object(Laravel\\Lumen\\Application), Array, Array, NULL)
#10 C:\\laragon\\www\\lumen_test\\vendor\\illuminate\\console\\Command.php(211): Illuminate\\Container\\Container->call(Array)
#11 C:\\laragon\\www\\lumen_test\\vendor\\symfony\\console\\Command\\Command.php(326): Illuminate\\Console\\Command->execute(Object(Symfony\\Component\\Console\\Input\\ArgvInput), Object(Illuminate\\Console\\OutputStyle))
#12 C:\\laragon\\www\\lumen_test\\vendor\\illuminate\\console\\Command.php(180): Symfony\\Component\\Console\\Command\\Command->run(Object(Symfony\\Component\\Console\\Input\\ArgvInput), Object(Illuminate\\Console\\OutputStyle))
#13 C:\\laragon\\www\\lumen_test\\vendor\\symfony\\console\\Application.php(1063): Illuminate\\Console\\Command->run(Object(Symfony\\Component\\Console\\Input\\ArgvInput), Object(Symfony\\Component\\Console\\Output\\ConsoleOutput))
#14 C:\\laragon\\www\\lumen_test\\vendor\\symfony\\console\\Application.php(320): Symfony\\Component\\Console\\Application->doRunCommand(Object(App\\Console\\Commands\\DownloadCuaca), Object(Symfony\\Component\\Console\\Input\\ArgvInput), Object(Symfony\\Component\\Console\\Output\\ConsoleOutput))
#15 C:\\laragon\\www\\lumen_test\\vendor\\symfony\\console\\Application.php(174): Symfony\\Component\\Console\\Application->doRun(Object(Symfony\\Component\\Console\\Input\\ArgvInput), Object(Symfony\\Component\\Console\\Output\\ConsoleOutput))
#16 C:\\laragon\\www\\lumen_test\\vendor\\laravel\\lumen-framework\\src\\Console\\Kernel.php(116): Symfony\\Component\\Console\\Application->run(Object(Symfony\\Component\\Console\\Input\\ArgvInput), Object(Symfony\\Component\\Console\\Output\\ConsoleOutput))
#17 C:\\laragon\\www\\lumen_test\\artisan(35): Laravel\\Lumen\\Console\\Kernel->handle(Object(Symfony\\Component\\Console\\Input\\ArgvInput), Object(Symfony\\Component\\Console\\Output\\ConsoleOutput))
#18 {main}

[previous exception] [object] (PDOException(code: HY000): SQLSTATE[HY000]: General error: 7890 Can't find file 'C:laragonwwwlumen_teststorageapp/public/cuaca/aceh.csv'. at C:\\laragon\\www\\lumen_test\\vendor\\illuminate\\database\\Connection.php:629)
[stacktrace]
#0 C:\\laragon\\www\\lumen_test\\vendor\\illuminate\\database\\Connection.php(629): PDO->exec('LOAD DATA LOCAL...')
#1 C:\\laragon\\www\\lumen_test\\vendor\\illuminate\\database\\Connection.php(788): Illuminate\\Database\\Connection->Illuminate\\Database\\{closure}('LOAD DATA LOCAL...', Array)
#2 C:\\laragon\\www\\lumen_test\\vendor\\illuminate\\database\\Connection.php(755): Illuminate\\Database\\Connection->runQueryCallback('LOAD DATA LOCAL...', Array, Object(Closure))
#3 C:\\laragon\\www\\lumen_test\\vendor\\illuminate\\database\\Connection.php(623): Illuminate\\Database\\Connection->run('LOAD DATA LOCAL...', Array, Object(Closure))
#4 C:\\laragon\\www\\lumen_test\\vendor\\illuminate\\database\\DatabaseManager.php(469): Illuminate\\Database\\Connection->unprepared('LOAD DATA LOCAL...')
#5 C:\\laragon\\www\\lumen_test\\vendor\\illuminate\\support\\Facades\\Facade.php(353): Illuminate\\Database\\DatabaseManager->__call('unprepared', Array)
#6 C:\\laragon\\www\\lumen_test\\app\\Console\\Commands\\DownloadCuaca.php(58): Illuminate\\Support\\Facades\\Facade::__callStatic('unprepared', Array)
#7 C:\\laragon\\www\\lumen_test\\vendor\\illuminate\\container\\BoundMethod.php(36): App\\Console\\Commands\\DownloadCuaca->handle()
#8 C:\\laragon\\www\\lumen_test\\vendor\\illuminate\\container\\Util.php(41): Illuminate\\Container\\BoundMethod::Illuminate\\Container\\{closure}()
#9 C:\\laragon\\www\\lumen_test\\vendor\\illuminate\\container\\BoundMethod.php(93): Illuminate\\Container\\Util::unwrapIfClosure(Object(Closure))
#10 C:\\laragon\\www\\lumen_test\\vendor\\illuminate\\container\\BoundMethod.php(35): Illuminate\\Container\\BoundMethod::callBoundMethod(Object(Laravel\\Lumen\\Application), Array, Object(Closure))
#11 C:\\laragon\\www\\lumen_test\\vendor\\illuminate\\container\\Container.php(662): Illuminate\\Container\\BoundMethod::call(Object(Laravel\\Lumen\\Application), Array, Array, NULL)
#12 C:\\laragon\\www\\lumen_test\\vendor\\illuminate\\console\\Command.php(211): Illuminate\\Container\\Container->call(Array)
#13 C:\\laragon\\www\\lumen_test\\vendor\\symfony\\console\\Command\\Command.php(326): Illuminate\\Console\\Command->execute(Object(Symfony\\Component\\Console\\Input\\ArgvInput), Object(Illuminate\\Console\\OutputStyle))
#14 C:\\laragon\\www\\lumen_test\\vendor\\illuminate\\console\\Command.php(180): Symfony\\Component\\Console\\Command\\Command->run(Object(Symfony\\Component\\Console\\Input\\ArgvInput), Object(Illuminate\\Console\\OutputStyle))
#15 C:\\laragon\\www\\lumen_test\\vendor\\symfony\\console\\Application.php(1063): Illuminate\\Console\\Command->run(Object(Symfony\\Component\\Console\\Input\\ArgvInput), Object(Symfony\\Component\\Console\\Output\\ConsoleOutput))
#16 C:\\laragon\\www\\lumen_test\\vendor\\symfony\\console\\Application.php(320): Symfony\\Component\\Console\\Application->doRunCommand(Object(App\\Console\\Commands\\DownloadCuaca), Object(Symfony\\Component\\Console\\Input\\ArgvInput), Object(Symfony\\Component\\Console\\Output\\ConsoleOutput))
#17 C:\\laragon\\www\\lumen_test\\vendor\\symfony\\console\\Application.php(174): Symfony\\Component\\Console\\Application->doRun(Object(Symfony\\Component\\Console\\Input\\ArgvInput), Object(Symfony\\Component\\Console\\Output\\ConsoleOutput))
#18 C:\\laragon\\www\\lumen_test\\vendor\\laravel\\lumen-framework\\src\\Console\\Kernel.php(116): Symfony\\Component\\Console\\Application->run(Object(Symfony\\Component\\Console\\Input\\ArgvInput), Object(Symfony\\Component\\Console\\Output\\ConsoleOutput))
#19 C:\\laragon\\www\\lumen_test\\artisan(35): Laravel\\Lumen\\Console\\Kernel->handle(Object(Symfony\\Component\\Console\\Input\\ArgvInput), Object(Symfony\\Component\\Console\\Output\\ConsoleOutput))
#20 {main}
"} 
